[21-Oct-2023 15:41:15] [sample_api ==> config.goline33] [INFO] [config loaded sucessfully] 
[21-Oct-2023 15:41:15] [sample_api ==> main.goline47] [INFO] [creating db Connections] 
[21-Oct-2023 15:41:15] [sample_api ==> service.goline51] [INFO] [pgsql connected successfuly,host:172.21.80.150,port:5432,userName:postgres,databse:wiselyxt_v2] 
[21-Oct-2023 15:41:15] [sample_api ==> main.goline60] [INFO] [starting HTTP Server] 
[21-Oct-2023 15:41:15] [sample_api ==> main.goline72] [INFO] [Application is running on port :9009] 
[21-Oct-2023 15:41:15] [sample_api ==> main.goline93] [INFO] [Application:sample_api is ready] 
[21-Oct-2023 15:41:28] [sample_api ==> userRegistration.goline43] [INFO] [txID:1697883088213,payload:{USER_NAME:saisri USER_EMAIL:saisrim@gmail.com FIRST_NAME:sai LAST_NAME:sri PASSWORD:3910022a089237887045a71d288e47b1}] 
[21-Oct-2023 15:41:28] [sample_api ==> crud.goline64] [INFO] [DBName:wiselyxt_v2,TableName:sampleUsers,LastInsertedID:0, Rows Affcted Count :1
] 
[21-Oct-2023 15:41:28] [sample_api ==> userRegistration.goline135] [INFO] [user registered successfully] 
[21-Oct-2023 15:41:30] [sample_api ==> userRegistration.goline216] [ERROR] [received error message:User Email already exists.] 
[21-Oct-2023 15:41:32] [sample_api ==> userRegistration.goline43] [INFO] [txID:1697883092901,payload:{USER_NAME:saisri USER_EMAIL:saisrim1@gmail.com FIRST_NAME:sai LAST_NAME:sri PASSWORD:3910022a089237887045a71d288e47b1}] 
[21-Oct-2023 15:41:32] [sample_api ==> crud.goline64] [INFO] [DBName:wiselyxt_v2,TableName:sampleUsers,LastInsertedID:0, Rows Affcted Count :1
] 
[21-Oct-2023 15:41:32] [sample_api ==> userRegistration.goline135] [INFO] [user registered successfully] 
[21-Oct-2023 15:41:34] [sample_api ==> userRegistration.goline216] [ERROR] [received error message:User Email already exists.] 
[21-Oct-2023 15:41:49] [sample_api ==> main.goline97] [INFO] [Application :sample_api is closing] 
[21-Oct-2023 15:56:22] [sample_api ==> config.goline33] [INFO] [config loaded sucessfully] 
[21-Oct-2023 15:56:22] [sample_api ==> main.goline47] [INFO] [creating db Connections] 
[21-Oct-2023 15:56:22] [sample_api ==> service.goline51] [INFO] [pgsql connected successfuly,host:172.21.80.150,port:5432,userName:postgres,databse:wiselyxt_v2] 
[21-Oct-2023 15:56:22] [sample_api ==> main.goline60] [INFO] [starting HTTP Server] 
[21-Oct-2023 15:56:22] [sample_api ==> main.goline72] [INFO] [Application is running on port :9009] 
[21-Oct-2023 15:56:22] [sample_api ==> main.goline93] [INFO] [Application:sample_api is ready] 
[21-Oct-2023 15:56:25] [sample_api ==> userRegistration.goline216] [ERROR] [received error message:please provide valid email] 
[21-Oct-2023 15:56:30] [sample_api ==> main.goline97] [INFO] [Application :sample_api is closing] 
[21-Oct-2023 15:57:39] [sample_api ==> config.goline33] [INFO] [config loaded sucessfully] 
[21-Oct-2023 15:57:39] [sample_api ==> main.goline47] [INFO] [creating db Connections] 
[21-Oct-2023 15:57:40] [sample_api ==> service.goline51] [INFO] [pgsql connected successfuly,host:172.21.80.150,port:5432,userName:postgres,databse:wiselyxt_v2] 
[21-Oct-2023 15:57:40] [sample_api ==> main.goline60] [INFO] [starting HTTP Server] 
[21-Oct-2023 15:57:40] [sample_api ==> main.goline72] [INFO] [Application is running on port :9009] 
[21-Oct-2023 15:57:40] [sample_api ==> main.goline93] [INFO] [Application:sample_api is ready] 
[21-Oct-2023 15:57:41] [sample_api ==> userRegistration.goline216] [ERROR] [received error message:User Email already exists.] 
[21-Oct-2023 15:58:04] [sample_api ==> userRegistration.goline43] [INFO] [txID:1697884084553,payload:{USER_NAME:saisri USER_EMAIL:saisrim11@gmail.com FIRST_NAME:sai LAST_NAME:sri PASSWORD:d6d4b1fddea4015023b966d741be1342}] 
[21-Oct-2023 15:58:04] [sample_api ==> crud.goline64] [INFO] [DBName:wiselyxt_v2,TableName:sampleUsers,LastInsertedID:0, Rows Affcted Count :1
] 
[21-Oct-2023 15:58:04] [sample_api ==> userRegistration.goline135] [INFO] [user registered successfully] 
[21-Oct-2023 15:58:40] [sample_api ==> main.goline97] [INFO] [Application :sample_api is closing] 
[21-Oct-2023 15:59:15] [sample_api ==> config.goline33] [INFO] [config loaded sucessfully] 
[21-Oct-2023 15:59:15] [sample_api ==> main.goline47] [INFO] [creating db Connections] 
[21-Oct-2023 15:59:15] [sample_api ==> service.goline51] [INFO] [pgsql connected successfuly,host:172.21.80.150,port:5432,userName:postgres,databse:wiselyxt_v2] 
[21-Oct-2023 15:59:15] [sample_api ==> main.goline60] [INFO] [starting HTTP Server] 
[21-Oct-2023 15:59:15] [sample_api ==> main.goline72] [INFO] [Application is running on port :9009] 
[21-Oct-2023 15:59:15] [sample_api ==> main.goline93] [INFO] [Application:sample_api is ready] 
